<?xml version="1.0" encoding="UTF-8"?>
<!-- Generated by org.testng.reporters.JUnitXMLReporter -->
<testsuite hostname="Chetuiwk1317" ignored="0" name="Default test" tests="4" failures="0" timestamp="23 Jun 2017 13:51:03 GMT" time="25.638" errors="0">
  <testcase name="clickAdmin" time="1.638" classname="app.modules.Admin"/>
  <testcase name="clickUserManagement" time="1.341" classname="app.modules.Admin"/>
  <testcase name="clickJob" time="1.203" classname="app.modules.Admin"/>
  <testcase name="clickPayGrades" time="1.078" classname="app.modules.Admin"/>
</testsuite> <!-- Default test -->
