<?xml version="1.0" encoding="UTF-8"?>
<testng-results skipped="0" failed="0" ignored="0" total="4" passed="4">
  <reporter-output>
  </reporter-output>
  <suite name="Default suite" duration-ms="25638" started-at="2017-06-23T13:50:37Z" finished-at="2017-06-23T13:51:03Z">
    <groups>
    </groups>
    <test name="Default test" duration-ms="25638" started-at="2017-06-23T13:50:37Z" finished-at="2017-06-23T13:51:03Z">
      <class name="app.modules.Admin">
        <test-method status="PASS" signature="startUp()[pri:0, instance:app.modules.Admin@c038203]" name="startUp" is-config="true" duration-ms="20362" started-at="2017-06-23T19:20:37Z" finished-at="2017-06-23T19:20:58Z">
          <reporter-output>
          </reporter-output>
        </test-method> <!-- startUp -->
        <test-method status="PASS" signature="clickAdmin()[pri:0, instance:app.modules.Admin@c038203]" name="clickAdmin" duration-ms="1638" started-at="2017-06-23T19:20:58Z" finished-at="2017-06-23T19:20:59Z">
          <reporter-output>
          </reporter-output>
        </test-method> <!-- clickAdmin -->
        <test-method status="PASS" signature="clickUserManagement()[pri:1, instance:app.modules.Admin@c038203]" name="clickUserManagement" duration-ms="1341" started-at="2017-06-23T19:20:59Z" finished-at="2017-06-23T19:21:01Z">
          <reporter-output>
          </reporter-output>
        </test-method> <!-- clickUserManagement -->
        <test-method status="PASS" signature="clickJob()[pri:2, instance:app.modules.Admin@c038203]" name="clickJob" duration-ms="1203" started-at="2017-06-23T19:21:01Z" finished-at="2017-06-23T19:21:02Z">
          <reporter-output>
          </reporter-output>
        </test-method> <!-- clickJob -->
        <test-method status="PASS" signature="clickPayGrades()[pri:3, instance:app.modules.Admin@c038203]" name="clickPayGrades" duration-ms="1078" started-at="2017-06-23T19:21:02Z" finished-at="2017-06-23T19:21:03Z">
          <reporter-output>
          </reporter-output>
        </test-method> <!-- clickPayGrades -->
      </class> <!-- app.modules.Admin -->
    </test> <!-- Default test -->
  </suite> <!-- Default suite -->
</testng-results>
